[2017-11-30 15:34:51] local.ERROR: Database (/Applications/XAMPP/xamppfiles/htdocs/SEW_Web/sewdb.sqlite) does not exist. (SQL: select * from sqlite_master where type = 'table' and name = migrations) {"exception":"[object] (Illuminate\\Database\\QueryException(code: 0): Database (/Applications/XAMPP/xamppfiles/htdocs/SEW_Web/sewdb.sqlite) does not exist. (SQL: select * from sqlite_master where type = 'table' and name = migrations) at /Applications/XAMPP/xamppfiles/htdocs/GitHub/GBSD3/SEW_Web/vendor/laravel/framework/src/Illuminate/Database/Connection.php:664, InvalidArgumentException(code: 0): Database (/Applications/XAMPP/xamppfiles/htdocs/SEW_Web/sewdb.sqlite) does not exist. at /Applications/XAMPP/xamppfiles/htdocs/GitHub/GBSD3/SEW_Web/vendor/laravel/framework/src/Illuminate/Database/Connectors/SQLiteConnector.php:34)
[stacktrace]
#0 /Applications/XAMPP/xamppfiles/htdocs/GitHub/GBSD3/SEW_Web/vendor/laravel/framework/src/Illuminate/Database/Connection.php(624): Illuminate\\Database\\Connection->runQueryCallback('select * from s...', Array, Object(Closure))
#1 /Applications/XAMPP/xamppfiles/htdocs/GitHub/GBSD3/SEW_Web/vendor/laravel/framework/src/Illuminate/Database/Connection.php(333): Illuminate\\Database\\Connection->run('select * from s...', Array, Object(Closure))
#2 /Applications/XAMPP/xamppfiles/htdocs/GitHub/GBSD3/SEW_Web/vendor/laravel/framework/src/Illuminate/Database/Schema/Builder.php(73): Illuminate\\Database\\Connection->select('select * from s...', Array)
#3 /Applications/XAMPP/xamppfiles/htdocs/GitHub/GBSD3/SEW_Web/vendor/laravel/framework/src/Illuminate/Database/Migrations/DatabaseMigrationRepository.php(156): Illuminate\\Database\\Schema\\Builder->hasTable('migrations')
#4 /Applications/XAMPP/xamppfiles/htdocs/GitHub/GBSD3/SEW_Web/vendor/laravel/framework/src/Illuminate/Database/Migrations/Migrator.php(544): Illuminate\\Database\\Migrations\\DatabaseMigrationRepository->repositoryExists()
#5 /Applications/XAMPP/xamppfiles/htdocs/GitHub/GBSD3/SEW_Web/vendor/laravel/framework/src/Illuminate/Database/Console/Migrations/MigrateCommand.php(96): Illuminate\\Database\\Migrations\\Migrator->repositoryExists()
#6 /Applications/XAMPP/xamppfiles/htdocs/GitHub/GBSD3/SEW_Web/vendor/laravel/framework/src/Illuminate/Database/Console/Migrations/MigrateCommand.php(62): Illuminate\\Database\\Console\\Migrations\\MigrateCommand->prepareDatabase()
#7 [internal function]: Illuminate\\Database\\Console\\Migrations\\MigrateCommand->handle()
#8 /Applications/XAMPP/xamppfiles/htdocs/GitHub/GBSD3/SEW_Web/vendor/laravel/framework/src/Illuminate/Container/BoundMethod.php(29): call_user_func_array(Array, Array)
#9 /Applications/XAMPP/xamppfiles/htdocs/GitHub/GBSD3/SEW_Web/vendor/laravel/framework/src/Illuminate/Container/BoundMethod.php(87): Illuminate\\Container\\BoundMethod::Illuminate\\Container\\{closure}()
#10 /Applications/XAMPP/xamppfiles/htdocs/GitHub/GBSD3/SEW_Web/vendor/laravel/framework/src/Illuminate/Container/BoundMethod.php(31): Illuminate\\Container\\BoundMethod::callBoundMethod(Object(Illuminate\\Foundation\\Application), Array, Object(Closure))
#11 /Applications/XAMPP/xamppfiles/htdocs/GitHub/GBSD3/SEW_Web/vendor/laravel/framework/src/Illuminate/Container/Container.php(549): Illuminate\\Container\\BoundMethod::call(Object(Illuminate\\Foundation\\Application), Array, Array, NULL)
#12 /Applications/XAMPP/xamppfiles/htdocs/GitHub/GBSD3/SEW_Web/vendor/laravel/framework/src/Illuminate/Console/Command.php(180): Illuminate\\Container\\Container->call(Array)
#13 /Applications/XAMPP/xamppfiles/htdocs/GitHub/GBSD3/SEW_Web/vendor/symfony/console/Command/Command.php(240): Illuminate\\Console\\Command->execute(Object(Symfony\\Component\\Console\\Input\\ArgvInput), Object(Illuminate\\Console\\OutputStyle))
#14 /Applications/XAMPP/xamppfiles/htdocs/GitHub/GBSD3/SEW_Web/vendor/laravel/framework/src/Illuminate/Console/Command.php(167): Symfony\\Component\\Console\\Command\\Command->run(Object(Symfony\\Component\\Console\\Input\\ArgvInput), Object(Illuminate\\Console\\OutputStyle))
#15 /Applications/XAMPP/xamppfiles/htdocs/GitHub/GBSD3/SEW_Web/vendor/symfony/console/Application.php(858): Illuminate\\Console\\Command->run(Object(Symfony\\Component\\Console\\Input\\ArgvInput), Object(Symfony\\Component\\Console\\Output\\ConsoleOutput))
#16 /Applications/XAMPP/xamppfiles/htdocs/GitHub/GBSD3/SEW_Web/vendor/symfony/console/Application.php(216): Symfony\\Component\\Console\\Application->doRunCommand(Object(Illuminate\\Database\\Console\\Migrations\\MigrateCommand), Object(Symfony\\Component\\Console\\Input\\ArgvInput), Object(Symfony\\Component\\Console\\Output\\ConsoleOutput))
#17 /Applications/XAMPP/xamppfiles/htdocs/GitHub/GBSD3/SEW_Web/vendor/symfony/console/Application.php(122): Symfony\\Component\\Console\\Application->doRun(Object(Symfony\\Component\\Console\\Input\\ArgvInput), Object(Symfony\\Component\\Console\\Output\\ConsoleOutput))
#18 /Applications/XAMPP/xamppfiles/htdocs/GitHub/GBSD3/SEW_Web/vendor/laravel/framework/src/Illuminate/Console/Application.php(88): Symfony\\Component\\Console\\Application->run(Object(Symfony\\Component\\Console\\Input\\ArgvInput), Object(Symfony\\Component\\Console\\Output\\ConsoleOutput))
#19 /Applications/XAMPP/xamppfiles/htdocs/GitHub/GBSD3/SEW_Web/vendor/laravel/framework/src/Illuminate/Foundation/Console/Kernel.php(121): Illuminate\\Console\\Application->run(Object(Symfony\\Component\\Console\\Input\\ArgvInput), Object(Symfony\\Component\\Console\\Output\\ConsoleOutput))
#20 /Applications/XAMPP/xamppfiles/htdocs/GitHub/GBSD3/SEW_Web/artisan(37): Illuminate\\Foundation\\Console\\Kernel->handle(Object(Symfony\\Component\\Console\\Input\\ArgvInput), Object(Symfony\\Component\\Console\\Output\\ConsoleOutput))
#21 {main}
"} 
[2017-11-30 15:35:28] local.ERROR: Database (/Applications/XAMPP/xamppfiles/htdocs/SEW_Web/database/sewdb.sqlite) does not exist. (SQL: select * from sqlite_master where type = 'table' and name = migrations) {"exception":"[object] (Illuminate\\Database\\QueryException(code: 0): Database (/Applications/XAMPP/xamppfiles/htdocs/SEW_Web/database/sewdb.sqlite) does not exist. (SQL: select * from sqlite_master where type = 'table' and name = migrations) at /Applications/XAMPP/xamppfiles/htdocs/GitHub/GBSD3/SEW_Web/vendor/laravel/framework/src/Illuminate/Database/Connection.php:664, InvalidArgumentException(code: 0): Database (/Applications/XAMPP/xamppfiles/htdocs/SEW_Web/database/sewdb.sqlite) does not exist. at /Applications/XAMPP/xamppfiles/htdocs/GitHub/GBSD3/SEW_Web/vendor/laravel/framework/src/Illuminate/Database/Connectors/SQLiteConnector.php:34)
[stacktrace]
#0 /Applications/XAMPP/xamppfiles/htdocs/GitHub/GBSD3/SEW_Web/vendor/laravel/framework/src/Illuminate/Database/Connection.php(624): Illuminate\\Database\\Connection->runQueryCallback('select * from s...', Array, Object(Closure))
#1 /Applications/XAMPP/xamppfiles/htdocs/GitHub/GBSD3/SEW_Web/vendor/laravel/framework/src/Illuminate/Database/Connection.php(333): Illuminate\\Database\\Connection->run('select * from s...', Array, Object(Closure))
#2 /Applications/XAMPP/xamppfiles/htdocs/GitHub/GBSD3/SEW_Web/vendor/laravel/framework/src/Illuminate/Database/Schema/Builder.php(73): Illuminate\\Database\\Connection->select('select * from s...', Array)
#3 /Applications/XAMPP/xamppfiles/htdocs/GitHub/GBSD3/SEW_Web/vendor/laravel/framework/src/Illuminate/Database/Migrations/DatabaseMigrationRepository.php(156): Illuminate\\Database\\Schema\\Builder->hasTable('migrations')
#4 /Applications/XAMPP/xamppfiles/htdocs/GitHub/GBSD3/SEW_Web/vendor/laravel/framework/src/Illuminate/Database/Migrations/Migrator.php(544): Illuminate\\Database\\Migrations\\DatabaseMigrationRepository->repositoryExists()
#5 /Applications/XAMPP/xamppfiles/htdocs/GitHub/GBSD3/SEW_Web/vendor/laravel/framework/src/Illuminate/Database/Console/Migrations/MigrateCommand.php(96): Illuminate\\Database\\Migrations\\Migrator->repositoryExists()
#6 /Applications/XAMPP/xamppfiles/htdocs/GitHub/GBSD3/SEW_Web/vendor/laravel/framework/src/Illuminate/Database/Console/Migrations/MigrateCommand.php(62): Illuminate\\Database\\Console\\Migrations\\MigrateCommand->prepareDatabase()
#7 [internal function]: Illuminate\\Database\\Console\\Migrations\\MigrateCommand->handle()
#8 /Applications/XAMPP/xamppfiles/htdocs/GitHub/GBSD3/SEW_Web/vendor/laravel/framework/src/Illuminate/Container/BoundMethod.php(29): call_user_func_array(Array, Array)
#9 /Applications/XAMPP/xamppfiles/htdocs/GitHub/GBSD3/SEW_Web/vendor/laravel/framework/src/Illuminate/Container/BoundMethod.php(87): Illuminate\\Container\\BoundMethod::Illuminate\\Container\\{closure}()
#10 /Applications/XAMPP/xamppfiles/htdocs/GitHub/GBSD3/SEW_Web/vendor/laravel/framework/src/Illuminate/Container/BoundMethod.php(31): Illuminate\\Container\\BoundMethod::callBoundMethod(Object(Illuminate\\Foundation\\Application), Array, Object(Closure))
#11 /Applications/XAMPP/xamppfiles/htdocs/GitHub/GBSD3/SEW_Web/vendor/laravel/framework/src/Illuminate/Container/Container.php(549): Illuminate\\Container\\BoundMethod::call(Object(Illuminate\\Foundation\\Application), Array, Array, NULL)
#12 /Applications/XAMPP/xamppfiles/htdocs/GitHub/GBSD3/SEW_Web/vendor/laravel/framework/src/Illuminate/Console/Command.php(180): Illuminate\\Container\\Container->call(Array)
#13 /Applications/XAMPP/xamppfiles/htdocs/GitHub/GBSD3/SEW_Web/vendor/symfony/console/Command/Command.php(240): Illuminate\\Console\\Command->execute(Object(Symfony\\Component\\Console\\Input\\ArgvInput), Object(Illuminate\\Console\\OutputStyle))
#14 /Applications/XAMPP/xamppfiles/htdocs/GitHub/GBSD3/SEW_Web/vendor/laravel/framework/src/Illuminate/Console/Command.php(167): Symfony\\Component\\Console\\Command\\Command->run(Object(Symfony\\Component\\Console\\Input\\ArgvInput), Object(Illuminate\\Console\\OutputStyle))
#15 /Applications/XAMPP/xamppfiles/htdocs/GitHub/GBSD3/SEW_Web/vendor/symfony/console/Application.php(858): Illuminate\\Console\\Command->run(Object(Symfony\\Component\\Console\\Input\\ArgvInput), Object(Symfony\\Component\\Console\\Output\\ConsoleOutput))
#16 /Applications/XAMPP/xamppfiles/htdocs/GitHub/GBSD3/SEW_Web/vendor/symfony/console/Application.php(216): Symfony\\Component\\Console\\Application->doRunCommand(Object(Illuminate\\Database\\Console\\Migrations\\MigrateCommand), Object(Symfony\\Component\\Console\\Input\\ArgvInput), Object(Symfony\\Component\\Console\\Output\\ConsoleOutput))
#17 /Applications/XAMPP/xamppfiles/htdocs/GitHub/GBSD3/SEW_Web/vendor/symfony/console/Application.php(122): Symfony\\Component\\Console\\Application->doRun(Object(Symfony\\Component\\Console\\Input\\ArgvInput), Object(Symfony\\Component\\Console\\Output\\ConsoleOutput))
#18 /Applications/XAMPP/xamppfiles/htdocs/GitHub/GBSD3/SEW_Web/vendor/laravel/framework/src/Illuminate/Console/Application.php(88): Symfony\\Component\\Console\\Application->run(Object(Symfony\\Component\\Console\\Input\\ArgvInput), Object(Symfony\\Component\\Console\\Output\\ConsoleOutput))
#19 /Applications/XAMPP/xamppfiles/htdocs/GitHub/GBSD3/SEW_Web/vendor/laravel/framework/src/Illuminate/Foundation/Console/Kernel.php(121): Illuminate\\Console\\Application->run(Object(Symfony\\Component\\Console\\Input\\ArgvInput), Object(Symfony\\Component\\Console\\Output\\ConsoleOutput))
#20 /Applications/XAMPP/xamppfiles/htdocs/GitHub/GBSD3/SEW_Web/artisan(37): Illuminate\\Foundation\\Console\\Kernel->handle(Object(Symfony\\Component\\Console\\Input\\ArgvInput), Object(Symfony\\Component\\Console\\Output\\ConsoleOutput))
#21 {main}
"} 
